[debug] [2018-10-25T16:50:04.348Z] ----------------------------------------------------------------------
[debug] [2018-10-25T16:50:04.350Z] Command:       /usr/bin/node /usr/bin/firebase serve
[debug] [2018-10-25T16:50:04.350Z] CLI Version:   5.1.1
[debug] [2018-10-25T16:50:04.350Z] Platform:      linux
[debug] [2018-10-25T16:50:04.350Z] Node Version:  v8.12.0
[debug] [2018-10-25T16:50:04.350Z] Time:          Thu Oct 25 2018 22:20:04 GMT+0530 (IST)
[debug] [2018-10-25T16:50:04.350Z] ----------------------------------------------------------------------
[debug] 
[debug] [2018-10-25T16:50:04.357Z] > command requires scopes: ["email","openid","https://www.googleapis.com/auth/cloudplatformprojects.readonly","https://www.googleapis.com/auth/firebase","https://www.googleapis.com/auth/cloud-platform"]
[debug] [2018-10-25T16:50:04.357Z] > authorizing via signed-in user
[debug] [2018-10-25T16:50:04.357Z] [iam] checking project excaliburtut for permissions ["firebase.projects.get"]
[debug] [2018-10-25T16:50:04.358Z] > refreshing access token with scopes: ["email","https://www.googleapis.com/auth/cloud-platform","https://www.googleapis.com/auth/cloudplatformprojects.readonly","https://www.googleapis.com/auth/firebase","openid"]
[debug] [2018-10-25T16:50:04.358Z] >>> HTTP REQUEST POST https://www.googleapis.com/oauth2/v3/token  
 <request body omitted>
[debug] [2018-10-25T16:50:06.668Z] <<< HTTP RESPONSE 200
[debug] [2018-10-25T16:50:06.673Z] >>> HTTP REQUEST POST https://cloudresourcemanager.googleapis.com/v1/projects/excaliburtut:testIamPermissions  

[debug] [2018-10-25T16:50:09.408Z] <<< HTTP RESPONSE 200
[debug] [2018-10-25T16:50:09.409Z] >>> HTTP REQUEST GET https://cloudresourcemanager.googleapis.com/v1/projects/excaliburtut  
 
[debug] [2018-10-25T16:50:11.775Z] <<< HTTP RESPONSE 200
[info] 
[info] === Serving from '/media/ankurcharan/EA84A99384A96335/Intel Inside/Web Dev/Techspardha/Bridge'...
[info] 
[info] i  functions: Preparing to emulate functions.
[debug] [2018-10-25T16:50:12.142Z] Fetching environment
[debug] [2018-10-25T16:50:12.146Z] >>> HTTP REQUEST GET https://mobilesdk-pa.googleapis.com/v1/projects/749026176874:getServerAppConfig  
 
[debug] [2018-10-25T16:50:12.147Z] >>> HTTP REQUEST GET https://mobilesdk-pa.googleapis.com/v1/projects/749026176874/clients/_:getWebAppConfig  
 
[debug] [2018-10-25T16:50:13.319Z] <<< HTTP RESPONSE 200
[debug] [2018-10-25T16:50:13.320Z] Starting @google-cloud/functions-emulator
[debug] [2018-10-25T16:50:13.853Z] <<< HTTP RESPONSE 200
[info] i  hosting: Serving hosting files from: public
[info] ✔  hosting: Local server: http://localhost:5000
[debug] [2018-10-25T16:50:14.389Z] Parsing function triggers
[info] ✔  functions: api: http://localhost:5001/excaliburtut/us-central1/api
